ionic/qurantools/platforms/android/build/outputs/logs/manifest-merger-debug-report.txt
-- Merging decision tree log ---
manifest
ADDED from platforms/android/AndroidManifest.xml:2:1-16:12
	android:hardwareAccelerated
		ADDED from platforms/android/AndroidManifest.xml:2:11-45
	xmlns:android
		ADDED from platforms/android/AndroidManifest.xml:2:134-192
	package
		ADDED from platforms/android/AndroidManifest.xml:2:103-133
	android:versionName
		ADDED from platforms/android/AndroidManifest.xml:2:75-102
	android:versionCode
		ADDED from platforms/android/AndroidManifest.xml:2:46-74
		INJECTED from platforms/android/AndroidManifest.xml
		INJECTED from platforms/android/AndroidManifest.xml
supports-screens
ADDED from platforms/android/AndroidManifest.xml:3:5-191
	android:resizeable
		ADDED from platforms/android/AndroidManifest.xml:3:106-131
	android:largeScreens
		ADDED from platforms/android/AndroidManifest.xml:3:49-76
	android:anyDensity
		ADDED from platforms/android/AndroidManifest.xml:3:23-48
	android:normalScreens
		ADDED from platforms/android/AndroidManifest.xml:3:77-105
	android:xlargeScreens
		ADDED from platforms/android/AndroidManifest.xml:3:160-188
	android:smallScreens
		ADDED from platforms/android/AndroidManifest.xml:3:132-159
uses-permission#android.permission.INTERNET
ADDED from platforms/android/AndroidManifest.xml:4:5-67
	android:name
		ADDED from platforms/android/AndroidManifest.xml:4:22-64
uses-permission#android.permission.ACCESS_NETWORK_STATE
ADDED from platforms/android/AndroidManifest.xml:5:5-79
	android:name
		ADDED from platforms/android/AndroidManifest.xml:5:22-76
uses-permission#android.permission.ACCESS_WIFI_STATE
ADDED from platforms/android/AndroidManifest.xml:6:5-76
	android:name
		ADDED from platforms/android/AndroidManifest.xml:6:22-73
application
ADDED from platforms/android/AndroidManifest.xml:7:5-14:19
	android:label
		ADDED from platforms/android/AndroidManifest.xml:7:83-110
	android:icon
		ADDED from platforms/android/AndroidManifest.xml:7:53-82
	android:hardwareAccelerated
		ADDED from platforms/android/AndroidManifest.xml:7:18-52
activity#org.quran.qurantools.MainActivity
ADDED from platforms/android/AndroidManifest.xml:8:9-13:20
	android:label
		ADDED from platforms/android/AndroidManifest.xml:8:97-124
	android:configChanges
		ADDED from platforms/android/AndroidManifest.xml:8:19-96
	android:name
		ADDED from platforms/android/AndroidManifest.xml:8:156-204
	android:launchMode
		ADDED from platforms/android/AndroidManifest.xml:8:125-155
intent-filter#android.intent.action.MAIN+android.intent.category.LAUNCHER
ADDED from platforms/android/AndroidManifest.xml:9:13-12:29
	android:label
		ADDED from platforms/android/AndroidManifest.xml:9:28-55
action#android.intent.action.MAIN
ADDED from platforms/android/AndroidManifest.xml:10:17-69
	android:name
		ADDED from platforms/android/AndroidManifest.xml:10:25-66
category#android.intent.category.LAUNCHER
ADDED from platforms/android/AndroidManifest.xml:11:17-77
	android:name
		ADDED from platforms/android/AndroidManifest.xml:11:27-74
uses-sdk
ADDED from platforms/android/AndroidManifest.xml:15:5-74
MERGED from [android:CordovaLib:unspecified:debug] AndroidManifest.xml:25:5-44
	android:targetSdkVersion
		ADDED from platforms/android/AndroidManifest.xml:15:42-71
	android:minSdkVersion
		ADDED from platforms/android/AndroidManifest.xml:15:15-41